[54388:14292:0119/182834.064:WARNING:chrome_main_delegate.cc(745)] This is Chrome version 128.0.6613.138 (not a warning)
[54388:18080:0119/182834.327:ERROR:google_update_settings.cc(265)] Failed opening key Software\Chromium to set usagestats; result: 5
[54388:14292:0119/182834.436:WARNING:account_consistency_mode_manager.cc(77)] Desktop Identity Consistency cannot be enabled as no OAuth client ID and client secret have been configured.
[54388:14292:0119/182838.043:WARNING:external_registry_loader_win.cc(232)] Error observing HKLM: 5
[27176:24944:0119/182839.901:WARNING:frame_impl.cc(430)] virtual CefFrameImpl::SendProcessMessage sent to detached frame 5-54C21AD4ECA9B9B0A0F46FECD2173F66 will be ignored
[54388:14292:0119/182840.294:ERROR:device_event_log_impl.cc(196)] [18:28:40.234] USB: usb_service_win.cc:105 SetupDiGetDeviceProperty({{A45C254E-DF1C-4EFD-8020-67D146A850E0}, 6}) failed: Element not found. (0x490)
[48072:16916:0119/182842.226:ERROR:ssl_client_socket_impl.cc(882)] handshake failed; returned -1, SSL error code 1, net_error -100
[48072:16916:0119/182842.229:ERROR:ssl_client_socket_impl.cc(882)] handshake failed; returned -1, SSL error code 1, net_error -100
[48072:16916:0119/182842.250:ERROR:ssl_client_socket_impl.cc(882)] handshake failed; returned -1, SSL error code 1, net_error -100
[48072:16916:0119/182842.251:ERROR:ssl_client_socket_impl.cc(882)] handshake failed; returned -1, SSL error code 1, net_error -100
[48072:16916:0119/182853.045:ERROR:ssl_client_socket_impl.cc(882)] handshake failed; returned -1, SSL error code 1, net_error -100
[48072:16916:0119/182854.808:ERROR:ssl_client_socket_impl.cc(882)] handshake failed; returned -1, SSL error code 1, net_error -100
[48072:16916:0119/182903.172:ERROR:ssl_client_socket_impl.cc(882)] handshake failed; returned -1, SSL error code 1, net_error -107
[48072:16916:0119/182906.963:ERROR:ssl_client_socket_impl.cc(882)] handshake failed; returned -1, SSL error code 1, net_error -100
[54388:14292:0119/182946.604:WARNING:page_discarding_helper.cc(138)] Discarding multiple pages with target (kb): 0
[48072:16916:0119/184642.283:ERROR:ssl_client_socket_impl.cc(882)] handshake failed; returned -1, SSL error code 1, net_error -107
[48072:16916:0119/184642.362:ERROR:ssl_client_socket_impl.cc(882)] handshake failed; returned -1, SSL error code 1, net_error -107
[48072:16916:0119/184655.832:ERROR:ssl_client_socket_impl.cc(882)] handshake failed; returned -1, SSL error code 1, net_error -100
[48072:16916:0119/184703.988:ERROR:ssl_client_socket_impl.cc(882)] handshake failed; returned -1, SSL error code 1, net_error -107
[54388:14292:0119/194347.313:WARNING:pref_notifier_impl.cc(41)] Pref observer for media_router.cast_allow_all_ips found at shutdown.
